\BOOKMARK [1][-]{section.1}{\376\377\173\054\000\040\0001\000\040\124\150\377\032\000G\000D\000/\000S\000G\000D\000\040\166\204\164\006\213\272\127\372\167\363}{}% 1
\BOOKMARK [2][-]{subsection.1.1}{\376\377\124\150\116\000\377\032\000L\000-\121\111\156\321\140\047\116\016\116\013\226\115\137\025\164\006}{section.1}% 2
\BOOKMARK [2][-]{subsection.1.2}{\376\377\124\150\116\214\377\032\137\072\121\370\140\047\116\016\147\141\116\366\145\160}{section.1}% 3
\BOOKMARK [2][-]{subsection.1.3}{\376\377\124\150\116\011\377\032\000G\000D\000\040\133\214\145\164\145\066\145\133\213\301\146\016}{section.1}% 4
\BOOKMARK [2][-]{subsection.1.4}{\376\377\124\150\126\333\377\032\000S\000G\000D\000\040\116\016\226\217\147\072\217\321\117\074\166\204\145\066\145\133\164\006\213\272}{section.1}% 5
\BOOKMARK [2][-]{subsection.1.5}{\376\377\124\150\116\224\377\032\000M\000o\000m\000e\000n\000t\000u\000m\060\001\000N\000e\000s\000t\000e\000r\000o\000v\000\040\122\240\220\037\116\016\133\146\116\140\163\207\214\003\136\246}{section.1}% 6
\BOOKMARK [2][-]{subsection.1.6}{\376\377\124\150\121\155\377\032\176\374\124\010\133\236\232\214\000\040\000+\000\040\173\054\000\040\0001\000\040\124\150\145\066\134\076}{section.1}% 7
\BOOKMARK [1][-]{section.2}{\376\377\173\054\000\040\0002\000\040\124\150\377\032\000M\000i\000r\000r\000o\000r\000\040\000D\000e\000s\000c\000e\000n\000t\000\040\116\016\000\040\000A\000d\000a\000G\000r\000a\000d\000\040\166\204\000\040\000R\000e\000g\000r\000e\000t\000\040\122\006\147\220}{}% 8
\BOOKMARK [2][-]{subsection.2.1}{\376\377\124\150\116\000\377\032\000B\000r\000e\000g\000m\000a\000n\000\040\000D\000i\000v\000e\000r\000g\000e\000n\000c\000e\000\040\116\016\000\040\000M\000i\000r\000r\000o\000r\000\040\000D\000e\000s\000c\000e\000n\000t\000\040\150\106\147\266}{section.2}% 9
\BOOKMARK [2][-]{subsection.2.2}{\376\377\124\150\116\214\377\032\127\050\176\277\121\370\117\030\123\026\116\016\000\040\000R\000e\000g\000r\000e\000t\000\040\122\006\147\220}{section.2}% 10
\BOOKMARK [2][-]{subsection.2.3}{\376\377\124\150\116\011\377\032\000A\000d\000a\000G\000r\000a\000d\000\040\166\204\000\040\000R\000e\000g\000r\000e\000t\000\040\000B\000o\000u\000n\000d\377\010\116\012\377\011}{section.2}% 11
\BOOKMARK [2][-]{subsection.2.4}{\376\377\124\150\126\333\377\032\000A\000d\000a\000G\000r\000a\000d\000\040\166\204\000\040\000R\000e\000g\000r\000e\000t\000\040\000B\000o\000u\000n\000d\377\010\116\013\377\011\116\016\000\040\000R\000M\000S\000P\000r\000o\000p}{section.2}% 12
\BOOKMARK [2][-]{subsection.2.5}{\376\377\124\150\116\224\377\032\226\306\116\055\131\015\116\140\000\040\000M\000i\000r\000r\000o\000r\000\040\000D\000e\000s\000c\000e\000n\000t\000\040\211\306\211\322}{section.2}% 13
\BOOKMARK [2][-]{subsection.2.6}{\376\377\124\150\121\155\377\032\173\054\000\040\0002\000\040\124\150\145\066\134\076\000\040\000+\000\040\000A\000d\000a\000m\000\040\230\204\116\140}{section.2}% 14
\BOOKMARK [1][-]{section.3}{\376\377\173\054\000\040\0003\000\040\124\150\377\032\000A\000d\000a\000m\000\040\000/\000\040\000A\000d\000a\000m\000W\000\040\000/\000\040\000A\000M\000S\000G\000r\000a\000d}{}% 15
\BOOKMARK [2][-]{subsection.3.1}{\376\377\124\150\116\000\377\032\000A\000d\000a\000m\000\040\133\214\145\164\143\250\133\374}{section.3}% 16
\BOOKMARK [2][-]{subsection.3.2}{\376\377\124\150\116\214\377\032\000A\000d\000a\000m\000\040\166\204\164\006\213\272\211\306\211\322\040\024\040\024\000G\000a\000u\000s\000s\000-\000N\000e\000w\000t\000o\000n\000\040\200\124\174\373}{section.3}% 17
\BOOKMARK [2][-]{subsection.3.3}{\376\377\124\150\116\011\377\032\000A\000d\000a\000m\000W\000\040\040\024\040\024\000\040\000W\000e\000i\000g\000h\000t\000\040\000D\000e\000c\000a\000y\000\040\211\343\200\046}{section.3}% 18
\BOOKMARK [2][-]{subsection.3.4}{\376\377\124\150\126\333\377\032\000A\000M\000S\000G\000r\000a\000d\000\040\040\024\040\024\000\040\000A\000d\000a\000m\000\040\145\066\145\133\164\006\213\272\166\204\226\167\226\061}{section.3}% 19
\BOOKMARK [2][-]{subsection.3.5}{\376\377\124\150\116\224\377\032\000A\000d\000a\000m\000\040\145\313\217\154\145\117\141\037\140\047\000\040\040\024\040\024\000\040\150\070\137\303\133\236\232\214\145\345}{section.3}% 20
\BOOKMARK [2][-]{subsection.3.6}{\376\377\124\150\121\155\377\032\173\054\000\040\0003\000\040\124\150\145\066\134\076\000\040\000+\000\040\000A\000d\000a\000m\000\040\176\374\124\010\133\236\232\214\142\245\124\112}{section.3}% 21
\BOOKMARK [1][-]{section.4}{\376\377\173\054\000\040\0004\000\040\124\150\377\032\167\351\226\065\122\006\147\220\116\016\000\040\000K\000r\000o\000n\000e\000c\000k\000e\000r\000\040\171\357}{}% 22
\BOOKMARK [2][-]{subsection.4.1}{\376\377\124\150\116\000\377\032\214\061\122\006\211\343\116\016\167\351\226\065\121\375\145\160}{section.4}% 23
\BOOKMARK [2][-]{subsection.4.2}{\376\377\124\150\116\214\377\032\000S\000V\000D\000\040\133\214\145\164\143\250\133\374}{section.4}% 24
\BOOKMARK [2][-]{subsection.4.3}{\376\377\124\150\116\011\377\032\116\011\174\173\167\351\226\065\203\003\145\160\000\040\000+\000\040\147\201\122\006\211\343}{section.4}% 25
\BOOKMARK [2][-]{subsection.4.4}{\376\377\124\150\126\333\377\032\000K\000r\000o\000n\000e\000c\000k\000e\000r\000\040\171\357\040\024\040\024\164\006\213\272\116\016\213\301\146\016}{section.4}% 26
\BOOKMARK [2][-]{subsection.4.5}{\376\377\124\150\116\224\377\032\000L\000o\000e\000w\000n\000e\000r\000\040\120\117\136\217\116\016\167\351\226\065\116\015\173\111\137\017\000\040\000+\000\040\000S\000h\000a\000m\000p\000o\000o\000\040\164\006\213\272\127\372\170\100}{section.4}% 27
\BOOKMARK [2][-]{subsection.4.6}{\376\377\124\150\121\155\377\032\173\054\000\040\0004\000\040\124\150\145\066\134\076\040\024\040\024\176\277\140\047\116\343\145\160\167\345\213\306\127\060\126\376}{section.4}% 28
\BOOKMARK [1][-]{section.5}{\376\377\173\054\000\040\0005\000\040\124\150\377\032\133\236\163\260\167\351\226\065\162\110\000\040\000S\000h\000a\000m\000p\000o\000o}{}% 29
\BOOKMARK [2][-]{subsection.5.1}{\376\377\124\150\116\000\377\032\000S\000h\000a\000m\000p\000o\000o\000\040\164\006\213\272\155\361\136\246\170\024\213\373}{section.5}% 30
\BOOKMARK [2][-]{subsection.5.2}{\376\377\124\150\116\214\377\032\000S\000h\000a\000m\000p\000o\000o\000\040\127\372\170\100\133\236\163\260}{section.5}% 31
\BOOKMARK [2][-]{subsection.5.3}{\376\377\124\150\116\011\377\032\000S\000h\000a\000m\000p\000o\000o\000\040\127\050\000\040\000M\000N\000I\000S\000T\000\040\116\012\166\204\133\236\232\214}{section.5}% 32
\BOOKMARK [2][-]{subsection.5.4}{\376\377\124\150\126\333\377\032\155\210\207\215\133\236\232\214\377\010\116\000\377\011\040\024\040\024\000\040\127\372\146\364\145\260\230\221\163\207\000\040\000K}{section.5}% 33
\BOOKMARK [2][-]{subsection.5.5}{\376\377\124\150\116\224\377\032\000N\000e\000w\000t\000o\000n\000-\000S\000c\000h\000u\000l\000z\000\040\217\355\116\343\146\377\116\343\000\040\000e\000i\000g\000e\000n\000d\000e\000c\000o\000m\000p\000o\000s\000i\000t\000i\000o\000n}{section.5}% 34
\BOOKMARK [2][-]{subsection.5.6}{\376\377\124\150\121\155\377\032\000S\000h\000a\000m\000p\000o\000o\000\040\133\236\232\214\142\245\124\112\000\040\000+\000\040\230\204\116\140\000\040\000S\000O\000A\000P}{section.5}% 35
\BOOKMARK [1][-]{section.6}{\376\377\173\054\000\040\0006\000\040\124\150\377\032\133\236\163\260\173\200\123\026\000\040\000S\000O\000A\000P\000\040\000+\000\040\000M\000u\000o\000n\000\040\121\145\225\350}{}% 36
\BOOKMARK [2][-]{subsection.6.1}{\376\377\124\150\116\000\377\032\000S\000O\000A\000P\000\040\164\006\213\272\155\361\136\246\170\024\213\373}{section.6}% 37
\BOOKMARK [2][-]{subsection.6.2}{\376\377\124\150\116\214\377\032\000S\000O\000A\000P\000\040\127\372\170\100\133\236\163\260}{section.6}% 38
\BOOKMARK [2][-]{subsection.6.3}{\376\377\124\150\116\011\377\032\000S\000O\000A\000P\000\040\000v\000s\000\040\000S\000h\000a\000m\000p\000o\000o\000\040\000v\000s\000\040\000A\000d\000a\000m\000\040\116\011\200\005\133\371\153\324}{section.6}% 39
\BOOKMARK [2][-]{subsection.6.4}{\376\377\124\150\126\333\377\032\000S\000O\000A\000P\000\040\155\210\207\215\133\236\232\214}{section.6}% 40
\BOOKMARK [2][-]{subsection.6.5}{\376\377\124\150\116\224\377\032\000M\000u\000o\000n\000\040\121\145\225\350\040\024\040\024\000N\000e\000w\000t\000o\000n\000-\000S\000c\000h\000u\000l\000z\000\040\153\143\116\244\123\026}{section.6}% 41
\BOOKMARK [2][-]{subsection.6.6}{\376\377\124\150\121\155\377\032\173\054\000\040\0006\000\040\124\150\145\066\134\076\000\040\000+\000\040\133\214\145\164\133\371\153\324\142\245\124\112}{section.6}% 42
\BOOKMARK [1][-]{section.7}{\376\377\173\054\000\040\0007\000\040\124\150\377\032\174\373\176\337\145\207\163\056\226\005\213\373\000\040\000+\000\040\000M\000u\000o\000n\000/\000P\000o\000l\000a\000r\000G\000r\000a\000d\000\040\155\361\136\246\000\040\000+\000\040\147\000\226\141\116\013\226\115\176\337\116\000\211\306\211\322}{}% 43
\BOOKMARK [2][-]{subsection.7.1}{\376\377\124\150\116\000\377\032\174\373\176\337\145\207\163\056\131\015\116\140\377\010\116\000\377\011\040\024\040\024\000\040\150\070\137\303\000\040\0006\000\040\173\307\213\272\145\207}{section.7}% 44
\BOOKMARK [2][-]{subsection.7.2}{\376\377\124\150\116\214\377\032\000M\000u\000o\000n\000\040\155\361\136\246\040\024\040\024\214\061\203\003\145\160\147\000\226\141\116\013\226\115}{section.7}% 45
\BOOKMARK [2][-]{subsection.7.3}{\376\377\124\150\116\011\377\032\000P\000o\000l\000a\000r\000G\000r\000a\000d\000\040\155\361\136\246\040\024\040\024\147\201\122\006\211\343\176\337\116\000\150\106\147\266}{section.7}% 46
\BOOKMARK [2][-]{subsection.7.4}{\376\377\124\150\126\333\377\032\000A\000S\000G\000O\000\040\116\016\147\000\145\260\217\333\134\125}{section.7}% 47
\BOOKMARK [2][-]{subsection.7.5}{\376\377\124\150\116\224\377\032\176\337\116\000\133\236\232\214\150\106\147\266\000\040\000+\000\040\131\015\163\260\000\040\000A\000d\000a\000m\000\040\123\315\117\213}{section.7}% 48
\BOOKMARK [2][-]{subsection.7.6}{\376\377\124\150\121\155\377\032\173\054\000\040\0007\000\040\124\150\145\066\134\076\040\024\040\024\167\345\213\306\117\123\174\373\145\164\124\010}{section.7}% 49
\BOOKMARK [1][-]{section.8}{\376\377\173\054\000\040\0008\000\040\124\150\377\032\000R\000e\000s\000e\000a\000r\000c\000h\000\040\000M\000e\000m\000o\000\040\040\024\040\024\000\040\142\176\122\060\117\140\166\204\170\024\172\166\225\356\230\230}{}% 50
\BOOKMARK [2][-]{subsection.8.1}{\376\377\124\150\116\000\377\032\170\024\172\166\145\271\124\021\143\242\175\042}{section.8}% 51
\BOOKMARK [2][-]{subsection.8.2}{\376\377\124\150\116\214\377\032\144\260\121\231\000\040\000P\000r\000o\000b\000l\000e\000m\000\040\000+\000\040\000A\000s\000s\000u\000m\000p\000t\000i\000o\000n\000s}{section.8}% 52
\BOOKMARK [2][-]{subsection.8.3}{\376\377\124\150\116\011\377\032\144\260\121\231\000\040\000A\000l\000g\000o\000r\000i\000t\000h\000m\000\040\000+\000\040\000T\000h\000e\000o\000r\000y}{section.8}% 53
\BOOKMARK [2][-]{subsection.8.4}{\376\377\124\150\126\333\377\032\144\260\121\231\000\040\000E\000x\000p\000e\000r\000i\000m\000e\000n\000t\000s\000\040\000+\000\040\000R\000i\000s\000k\000s}{section.8}% 54
\BOOKMARK [2][-]{subsection.8.5}{\376\377\124\150\116\224\377\032\117\356\145\071\133\214\125\204}{section.8}% 55
\BOOKMARK [2][-]{subsection.8.6}{\376\377\124\150\121\155\377\032\147\000\176\310\173\124\217\251\121\306\131\007\000\040\000+\000\040\213\376\172\013\140\073\176\323}{section.8}% 56
